<?xml version="1.0" encoding="UTF-8"?>
<!-- Generated by org.testng.reporters.JUnitReportReporter -->
<testsuite skipped="0" hostname="IMCBCP464-MSL1" name="qaclickacademy.Loginapplication" tests="1" failures="0" timestamp="2020-09-17T17:46:54 IST" time="13.601" errors="0">
  <testcase name="Login" time="13.601" classname="qaclickacademy.Loginapplication"/>
  <system-out/>
</testsuite> <!-- qaclickacademy.Loginapplication -->
