<?xml version="1.0" encoding="UTF-8"?>
<!-- Generated by org.testng.reporters.JUnitReportReporter -->
<testsuite skipped="0" hostname="IMCBCP464-MSL1" name="qaclickacademy.SeleniumTest" tests="1" failures="0" timestamp="2020-11-06T21:38:14 IST" time="0.016" errors="0">
  <testcase name="elementsUI" time="0.016" classname="qaclickacademy.SeleniumTest"/>
  <system-out/>
</testsuite> <!-- qaclickacademy.SeleniumTest -->
